<?xml version="1.0" encoding="UTF-8"?>
<!-- Generated by org.testng.reporters.JUnitReportReporter -->
<testsuite skipped="0" hostname="ip-172-31-91-231" name="Tests.LoginTest" tests="2" failures="0" timestamp="29 Dec 2021 17:47:35 GMT" time="2.555" errors="0">
  <testcase name="NegativeLogin" time="1.237" classname="Tests.LoginTest"/>
  <testcase name="positiveLogin" time="1.318" classname="Tests.LoginTest"/>
</testsuite> <!-- Tests.LoginTest -->
