<?xml version="1.0" encoding="UTF-8"?>
<!-- Generated by org.testng.reporters.JUnitReportReporter -->
<testsuite skipped="0" hostname="ip-172-31-91-231" name="Tests.SignupTest" tests="2" failures="0" timestamp="29 Dec 2021 17:47:35 GMT" time="3.399" errors="0">
  <testcase name="NegativeSignup" time="1.843" classname="Tests.SignupTest"/>
  <testcase name="PositivesignupTest" time="1.556" classname="Tests.SignupTest"/>
</testsuite> <!-- Tests.SignupTest -->
