<?xml version="1.0" encoding="UTF-8"?>
<!-- Generated by org.testng.reporters.JUnitReportReporter -->
<testsuite skipped="0" hostname="ip-172-31-91-231" name="Tests.AddtoCartTest" tests="1" failures="0" timestamp="29 Dec 2021 12:13:12 GMT" time="2.110" errors="0">
  <testcase name="CompleteOrderandValidate" time="2.110" classname="Tests.AddtoCartTest"/>
</testsuite> <!-- Tests.AddtoCartTest -->
