<?xml version="1.0" encoding="UTF-8"?>
<!-- Generated by org.testng.reporters.JUnitReportReporter -->
<testsuite skipped="0" hostname="ip-172-31-91-231" name="Tests.CompleteOrderandValidateTest" tests="1" failures="0" timestamp="29 Dec 2021 17:47:35 GMT" time="2.158" errors="0">
  <testcase name="CompleteOrderandValidate" time="2.158" classname="Tests.CompleteOrderandValidateTest"/>
</testsuite> <!-- Tests.CompleteOrderandValidateTest -->
